Command: synth_design -rtl -top SPI_wrapper
Starting synth_design
Using part: xc7a35ticpg236-1L
---------------------------------------------------------------------------------
Starting RTL Elaboration : Time (s): cpu = 00:00:03 ; elapsed = 00:00:03 . Memory (MB): peak = 2659.848 ; gain = 0.000
---------------------------------------------------------------------------------
INFO: [Synth 8-6157] synthesizing module 'SPI_wrapper' [D:/Courses/Digial_Design_Course/Projects/Project2/Project_code/SPI_WRAPPER/SPI_wrapper.v:1]
INFO: [Synth 8-6157] synthesizing module 'SPI_slave' [D:/Courses/Digial_Design_Course/Projects/Project2/Project_code/SPI_WRAPPER/SPI_slave.v:1]
	Parameter IDLE bound to: 3'b000 
	Parameter CHK_CMD bound to: 3'b001 
	Parameter WRITE bound to: 3'b010 
	Parameter READ_ADD bound to: 3'b011 
	Parameter READ_DATA bound to: 3'b100 
INFO: [Synth 8-5534] Detected attribute (* fsm_encoding = "sequential" *) [D:/Courses/Digial_Design_Course/Projects/Project2/Project_code/SPI_WRAPPER/SPI_slave.v:23]
INFO: [Synth 8-6155] done synthesizing module 'SPI_slave' (1#1) [D:/Courses/Digial_Design_Course/Projects/Project2/Project_code/SPI_WRAPPER/SPI_slave.v:1]
INFO: [Synth 8-6157] synthesizing module 'SPI_RAM' [D:/Courses/Digial_Design_Course/Projects/Project2/Project_code/SPI_WRAPPER/SPI_RAM.v:1]
	Parameter MEM_WIDTH bound to: 8 - type: integer 
	Parameter MEM_DEPTH bound to: 256 - type: integer 
	Parameter ADDR_SIZE bound to: 8 - type: integer 
INFO: [Synth 8-155] case statement is not full and has no default [D:/Courses/Digial_Design_Course/Projects/Project2/Project_code/SPI_WRAPPER/SPI_RAM.v:28]
INFO: [Synth 8-6155] done synthesizing module 'SPI_RAM' (2#1) [D:/Courses/Digial_Design_Course/Projects/Project2/Project_code/SPI_WRAPPER/SPI_RAM.v:1]
INFO: [Synth 8-6155] done synthesizing module 'SPI_wrapper' (3#1) [D:/Courses/Digial_Design_Course/Projects/Project2/Project_code/SPI_WRAPPER/SPI_wrapper.v:1]
---------------------------------------------------------------------------------
Finished RTL Elaboration : Time (s): cpu = 00:00:03 ; elapsed = 00:00:03 . Memory (MB): peak = 2659.848 ; gain = 0.000
---------------------------------------------------------------------------------

Report Check Netlist: 
+------+------------------+-------+---------+-------+------------------+
|      |Item              |Errors |Warnings |Status |Description       |
+------+------------------+-------+---------+-------+------------------+
|1     |multi_driven_nets |      0|        0|Passed |Multi driven nets |
+------+------------------+-------+---------+-------+------------------+
---------------------------------------------------------------------------------
Start Handling Custom Attributes
---------------------------------------------------------------------------------
---------------------------------------------------------------------------------
Finished Handling Custom Attributes : Time (s): cpu = 00:00:03 ; elapsed = 00:00:03 . Memory (MB): peak = 2659.848 ; gain = 0.000
---------------------------------------------------------------------------------
---------------------------------------------------------------------------------
Finished RTL Optimization Phase 1 : Time (s): cpu = 00:00:03 ; elapsed = 00:00:03 . Memory (MB): peak = 2659.848 ; gain = 0.000
---------------------------------------------------------------------------------
INFO: [Project 1-570] Preparing netlist for logic optimization

Processing XDC Constraints
Initializing timing engine
Parsing XDC File [D:/Courses/Digial_Design_Course/Projects/Project2/Project_code/SPI_WRAPPER/SPI_wrapper.xdc]
Finished Parsing XDC File [D:/Courses/Digial_Design_Course/Projects/Project2/Project_code/SPI_WRAPPER/SPI_wrapper.xdc]
Completed Processing XDC Constraints

INFO: [Opt 31-138] Pushed 0 inverter(s) to 0 load pin(s).
INFO: [Project 1-111] Unisim Transformation Summary:
No Unisim elements were transformed.

RTL Elaboration Complete:  : Time (s): cpu = 00:00:06 ; elapsed = 00:00:06 . Memory (MB): peak = 2659.848 ; gain = 0.000
11 Infos, 0 Warnings, 0 Critical Warnings and 0 Errors encountered.
synth_design completed successfully
synth_design: Time (s): cpu = 00:00:06 ; elapsed = 00:00:07 . Memory (MB): peak = 2659.848 ; gain = 0.000
